[2016.03.01-17.06.35:590][  0]Log file open, 03/01/16 17:06:35
[2016.03.01-17.06.35:590][  0]LogInit:Display: Running engine for game: PrototypeMechanics
[2016.03.01-17.06.35:590][  0]LogPlatformFile: Not using cached read wrapper
[2016.03.01-17.06.35:590][  0]LogInit:Display: RandInit(93943117) SRandInit(93943118).
[2016.03.01-17.06.35:590][  0]LogTaskGraph: Started task graph with 4 named threads and 8 total threads.
[2016.03.01-17.06.35:590][  0]LogStats: Stats thread started at 0.553524
[2016.03.01-17.06.35:590][  0]LogInit: Version: 4.10.0-2758231+++depot+UE4-Releases+4.10
[2016.03.01-17.06.35:590][  0]LogInit: API Version: 2758231
[2016.03.01-17.06.35:590][  0]LogInit: Compiled (64-bit): Nov  7 2015 05:13:45
[2016.03.01-17.06.35:590][  0]LogInit: Compiled with Visual C++: 19.00.23026.00
[2016.03.01-17.06.35:590][  0]LogInit: Build Configuration: Development
[2016.03.01-17.06.35:590][  0]LogInit: Branch Name: ++depot+UE4-Releases+4.10
[2016.03.01-17.06.35:590][  0]LogInit: Command line:  
[2016.03.01-17.06.35:590][  0]LogInit: Base directory: D:/Epic Games/4.10/Engine/Binaries/Win64/
[2016.03.01-17.06.35:590][  0]LogInit: Rocket: 1
[2016.03.01-17.06.35:778][  0]LogInit: Using libcurl 7.41.0
[2016.03.01-17.06.35:778][  0]LogInit:  - built for x86_64-pc-win32
[2016.03.01-17.06.35:778][  0]LogInit:  - supports SSL with WinSSL
[2016.03.01-17.06.35:778][  0]LogInit:  - other features:
[2016.03.01-17.06.35:778][  0]LogInit:      CURL_VERSION_SSL
[2016.03.01-17.06.35:778][  0]LogInit:      CURL_VERSION_IPV6
[2016.03.01-17.06.35:778][  0]LogInit:      CURL_VERSION_ASYNCHDNS
[2016.03.01-17.06.35:778][  0]LogInit:      CURL_VERSION_LARGEFILE
[2016.03.01-17.06.35:778][  0]LogInit:      CURL_VERSION_IDN
[2016.03.01-17.06.35:778][  0]LogInit:  CurlRequestOptions (configurable via config and command line):
[2016.03.01-17.06.35:778][  0]LogInit:  - bVerifyPeer = true  - Libcurl will verify peer certificate
[2016.03.01-17.06.35:778][  0]LogInit:  - bUseHttpProxy = false  - Libcurl will NOT use HTTP proxy
[2016.03.01-17.06.35:778][  0]LogInit:  - bDontReuseConnections = false  - Libcurl will reuse connections
[2016.03.01-17.06.35:778][  0]LogInit:  - CertBundlePath = nullptr  - Libcurl will use whatever was configured at build time.
[2016.03.01-17.06.35:845][  0]LogInit: Presizing for 0 objects not considered by GC, pre-allocating 0 bytes.
[2016.03.01-17.06.35:854][  0]LogInit: Object subsystem initialized
[2016.03.01-17.06.35:856][  0]LogInit: Selected Device Profile: [Windows]
[2016.03.01-17.06.35:856][  0]LogInit: Applying CVar settings loaded from the selected device profile: [Windows]
[2016.03.01-17.06.35:986][  0]LogInit: Computer: SCM-88634
[2016.03.01-17.06.35:986][  0]LogInit: User: p4230578
[2016.03.01-17.06.35:986][  0]LogInit: CPU Page size=4096, Cores=12
[2016.03.01-17.06.35:986][  0]LogInit: High frequency timer resolution =2.240732 MHz
[2016.03.01-17.06.35:986][  0]LogMemory: Memory total: Physical=32.0GB (32GB approx)
[2016.03.01-17.06.35:986][  0]LogMemory: Platform Memory Stats for Windows
[2016.03.01-17.06.35:986][  0]LogMemory: Process Physical Memory: 63.41 MB used, 63.41 MB peak
[2016.03.01-17.06.35:986][  0]LogMemory: Process Virtual Memory: 66.20 MB used, 66.20 MB peak
[2016.03.01-17.06.35:986][  0]LogMemory: Physical Memory: 8468.19 MB used, 32725.68 MB total
[2016.03.01-17.06.35:986][  0]LogMemory: Virtual Memory: 360.30 MB used, 8388608.00 MB total
[2016.03.01-17.06.36:474][  0]LogTextLocalizationManager: No specific translations for ('en-GB') exist, so ('en') translations will be used.
[2016.03.01-17.06.37:492][  0]LogD3D11RHI: Found D3D11 adapter 0: NVIDIA Quadro 4000 (Feature Level 11_0)
[2016.03.01-17.06.37:492][  0]LogD3D11RHI: Adapter has 2000MB of dedicated video memory, 0MB of dedicated system memory, and 16106MB of shared system memory, 2 output[s]
[2016.03.01-17.06.37:492][  0]LogD3D11RHI: Chosen D3D11 Adapter Id = 0
[2016.03.01-17.06.37:500][  0]LogD3D11RHI: !Direct3DDevice
[2016.03.01-17.06.37:501][  0]LogRHI: Texture pool is 1361 MB (70% of 1945 MB)
[2016.03.01-17.06.37:517][  0]LogD3D11RHI: Async texture creation enabled
[2016.03.01-17.06.37:539][  0]LogShaderCompilers: Guid format shader working directory is -13 characters bigger than the processId version (//scm-home/p4230578/Unreal Projects/PrototypeMechanics_25-2-16/Intermediate/Shaders/WorkingDirectory/9028/).
[2016.03.01-17.06.37:539][  0]LogShaderCompilers: Cleaned the shader compiler working directory 'C:/Users/p4230578/AppData/Local/Temp/UnrealShaderWorkingDir/59B5BB184AE1CA3A8CC5C4A7E686FDA5/'.
[2016.03.01-17.06.37:539][  0]LogShaderCompilers:Display: Using Local Shader Compiler.
[2016.03.01-17.06.39:940][  0]LogTemp:Display: Loaded TP AllDesktopTargetPlatform
[2016.03.01-17.06.39:953][  0]LogTemp:Display: Loaded TP WindowsClientTargetPlatform
[2016.03.01-17.06.39:966][  0]LogTemp:Display: Loaded TP WindowsNoEditorTargetPlatform
[2016.03.01-17.06.39:978][  0]LogTemp:Display: Loaded TP WindowsServerTargetPlatform
[2016.03.01-17.06.39:990][  0]LogTemp:Display: Loaded TP WindowsTargetPlatform
[2016.03.01-17.06.40:005][  0]LogTemp:Display: Loaded TP AndroidTargetPlatform
[2016.03.01-17.06.40:017][  0]LogTemp:Display: Loaded TP Android_ASTCTargetPlatform
[2016.03.01-17.06.40:028][  0]LogTemp:Display: Loaded TP Android_ATCTargetPlatform
[2016.03.01-17.06.40:039][  0]LogTemp:Display: Loaded TP Android_DXTTargetPlatform
[2016.03.01-17.06.40:050][  0]LogTemp:Display: Loaded TP Android_ETC1TargetPlatform
[2016.03.01-17.06.40:062][  0]LogTemp:Display: Loaded TP Android_ETC2TargetPlatform
[2016.03.01-17.06.40:085][  0]LogTemp:Display: Loaded TP Android_MultiTargetPlatform
[2016.03.01-17.06.40:085][  0]LogTemp:Display: Loaded TP Android_PVRTCTargetPlatform
[2016.03.01-17.06.40:086][  0]LogTemp:Display: Loaded TP HTML5TargetPlatform
[2016.03.01-17.06.40:196][  0]LogTemp:Display: Loaded TP IOSTargetPlatform
[2016.03.01-17.06.40:208][  0]LogTemp:Display: Loaded TP LinuxNoEditorTargetPlatform
[2016.03.01-17.06.40:219][  0]LogTemp:Display: Loaded TP LinuxServerTargetPlatform
[2016.03.01-17.06.40:234][  0]LogTemp:Display: Loaded TP LinuxTargetPlatform
[2016.03.01-17.06.40:234][  0]LogTargetPlatformManager:Display: Building Assets For Windows
[2016.03.01-17.06.40:821][  0]LogDerivedDataCache:Display: Max Cache Size: 512 MB
[2016.03.01-17.06.41:210][  0]LogDerivedDataCache: Loaded boot cache 0.39s 41MB C:/Users/p4230578/AppData/Local/UnrealEngine/4.10/DerivedDataCache/Boot.ddc.
[2016.03.01-17.06.41:210][  0]LogDerivedDataCache:Display: Loaded Boot cache: C:/Users/p4230578/AppData/Local/UnrealEngine/4.10/DerivedDataCache/Boot.ddc
[2016.03.01-17.06.41:210][  0]LogDerivedDataCache: FDerivedDataBackendGraph:  Pak pak cache file //scm-home/p4230578/Unreal Projects/PrototypeMechanics_25-2-16/DerivedDataCache/DDC.ddp not found, will not use a pak cache.
[2016.03.01-17.06.41:211][  0]LogDerivedDataCache: Unable to find inner node Pak for hierarchical cache Hierarchy.
[2016.03.01-17.06.41:211][  0]LogDerivedDataCache: FDerivedDataBackendGraph:  CompressedPak pak cache file //scm-home/p4230578/Unreal Projects/PrototypeMechanics_25-2-16/DerivedDataCache/Compressed.ddp not found, will not use a pak cache.
[2016.03.01-17.06.41:211][  0]LogDerivedDataCache: Unable to find inner node CompressedPak for hierarchical cache Hierarchy.
[2016.03.01-17.06.41:356][  0]LogDerivedDataCache:Display: Pak cache opened for reading ../../../Engine/DerivedDataCache/Compressed.ddp.
[2016.03.01-17.06.41:368][  0]LogDerivedDataCache: Using Local data cache path C:/Users/p4230578/AppData/Local/UnrealEngine/Common/DerivedDataCache: Writable
[2016.03.01-17.06.49:187][  0]LogInit: Selected Device Profile: [Windows]
[2016.03.01-17.06.49:188][  0]LogContentStreaming: Texture pool size is 0.000000MB
[2016.03.01-17.06.49:499][  0]LogMeshUtilities: No automatic mesh reduction module available
[2016.03.01-17.06.49:499][  0]LogMeshUtilities: No automatic mesh merging module available
[2016.03.01-17.06.50:895][  0]LogInit: WinSock: version 1.1 (2.2), MaxSocks=32767, MaxUdp=65467
[2016.03.01-17.06.56:170][  0]UdpMessaging: Initializing bridge on interface 0.0.0.0:0 to multicast group 230.0.0.1:6666.
[2016.03.01-17.06.56:300][  0]LogAssetRegistry: FAssetRegistry took 0.0099 seconds to start up
[2016.03.01-17.06.57:938][  0]SourceControl: Info Source control is disabled
[2016.03.01-17.06.57:940][  0]SourceControl: Info Source control is disabled
[2016.03.01-17.06.57:951][  0]SourceControl: Info Source control is disabled
[2016.03.01-17.06.57:962][  0]SourceControl: Info Source control is disabled
[2016.03.01-17.06.58:879][  0]LogObj: 28633 objects as part of root set at end of initial load.
[2016.03.01-17.06.58:879][  0]LogUObjectAllocator: 6099744 out of 0 bytes used by permanent object pool.
[2016.03.01-17.06.59:378][  0]LogEngine: Initializing Engine...
[2016.03.01-17.06.59:395][  0]LogHMD: Can't find Oculus library dev build: is proper Runtime installed? Version: 0.8.0.0
[2016.03.01-17.06.59:422][  0]LogHMD: SteamVR failed to initialize.  Err: 110
[2016.03.01-17.06.59:988][  0]LogAIModule: Creating AISystem for world NewWorld
[2016.03.01-17.06.59:997][  0]LogInit: XAudio2 using 'Speakers (Realtek High Definition Audio)' : 2 channels at 48 kHz using 32 bits per sample (channel mask 0x3)
[2016.03.01-17.07.00:046][  0]LogInit: FAudioDevice initialized.
[2016.03.01-17.07.00:086][  0]LogDerivedDataCache: Saved boot cache 0.04s 41MB C:/Users/p4230578/AppData/Local/UnrealEngine/4.10/DerivedDataCache/Boot.ddc.
[2016.03.01-17.07.00:098][  0]LogInit: Texture streaming: Enabled
[2016.03.01-17.07.00:154][  0]LogAnalytics: Creating configured Analytics provider AnalyticsET
[2016.03.01-17.07.00:154][  0]LogAnalytics: [UEEditor.Rocket.Release] APIServer = http://et2.epicgames.com/ET2/. AppVersion = 4.10.0-2758231+++depot+UE4-Releases+4.10
[2016.03.01-17.07.00:154][  0]LogAnalytics: [UEEditor.Rocket.Release] SetUserId bd6fd6cc4a03cc244f0be8bcdf09990b|15cfd925e647459bb187ac587ab1b39d|15d66f0f-ed83-4b5b-a0b3-bd3b72815ef1
[2016.03.01-17.07.00:154][  0]LogAnalytics: [UEEditor.Rocket.Release] AnalyticsET::StartSession
[2016.03.01-17.07.00:252][  0]LogInit: Transaction tracking system initialized
[2016.03.01-17.07.00:327][  0]BlueprintLog: New page: Editor Load
[2016.03.01-17.07.00:617][  0]LocalizationService: Info Localization service is disabled
[2016.03.01-17.07.01:844][  0]LogConsoleResponse:Display: 
[2016.03.01-17.07.03:677][  0]LogCook:Display: Done creating registry. It took  0.00s.
[2016.03.01-17.07.06:355][  0]LogFileCache: Scanning file cache for directory '//scm-home/p4230578/Unreal Projects/PrototypeMechanics_25-2-16/Content/' took 2.73s
[2016.03.01-17.07.06:355][  0]SourceControl: Info Source control is disabled
[2016.03.01-17.07.06:355][  0]Cmd: MAP LOAD FILE="//scm-home/p4230578/Unreal Projects/PrototypeMechanics_25-2-16/Content/TopDownBP/Maps/TopDownExampleMap.umap" TEMPLATE=0 SHOWPROGRESS=1 FEATURELEVEL=3
[2016.03.01-17.07.06:580][  0]LightingResults: New page: Lighting Build
[2016.03.01-17.07.06:583][  0]MapCheck: New page: Map Check
[2016.03.01-17.07.06:583][  0]LightingResults: New page: Lighting Build
[2016.03.01-17.07.06:596][  0]LogParticles: Destroying 0 GPU particle simulations for FXSystem 0x0000000024696AC0
[2016.03.01-17.07.13:579][  0]LogAIModule: Creating AISystem for world TopDownExampleMap
[2016.03.01-17.07.13:659][  0]LogEditorServer: Finished looking for orphan Actors (0.000 secs)
[2016.03.01-17.07.13:698][  0]Cmd: MAP CHECKDEP NOCLEARLOG
[2016.03.01-17.07.13:995][  0]MapCheck:Warning: Warning ThirdPerson_AnimBP_C_0 ThirdPerson_AnimBP_C /Game/TopDownBP/Maps/TopDownExampleMap.TopDownExampleMap:PersistentLevel.TopDownCharacter_C_2.CharacterMesh0.ThirdPerson_AnimBP_C_0 : Externally referenced 
[2016.03.01-17.07.13:995][  0]MapCheck:Warning: Warning ThirdPerson_AnimBP_C_0 ThirdPerson_AnimBP_C /Game/TopDownBP/Maps/TopDownExampleMap.TopDownExampleMap:PersistentLevel.TopDownCharacter_C_2.CharacterMesh0.ThirdPerson_AnimBP_C_0 : Externally referenced 
[2016.03.01-17.07.13:995][  0]MapCheck:Warning: Warning ThirdPerson_AnimBP_C_0 ThirdPerson_AnimBP_C /Game/TopDownBP/Maps/TopDownExampleMap.TopDownExampleMap:PersistentLevel.TopDownCharacter_C_2.CharacterMesh0.ThirdPerson_AnimBP_C_0 : Externally referenced 
[2016.03.01-17.07.13:996][  0]MapCheck:Warning: Warning ThirdPerson_AnimBP_C_0 ThirdPerson_AnimBP_C /Game/TopDownBP/Maps/TopDownExampleMap.TopDownExampleMap:PersistentLevel.TopDownCharacter_C_2.CharacterMesh0.ThirdPerson_AnimBP_C_0 : Externally referenced 
[2016.03.01-17.07.13:996][  0]MapCheck:Warning: Warning ThirdPerson_AnimBP_C_0 ThirdPerson_AnimBP_C /Game/TopDownBP/Maps/TopDownExampleMap.TopDownExampleMap:PersistentLevel.TopDownCharacter_C_2.CharacterMesh0.ThirdPerson_AnimBP_C_0 : Externally referenced 
[2016.03.01-17.07.13:996][  0]MapCheck:Warning: Warning CharacterMesh0 SkeletalMeshComponent /Game/TopDownBP/Maps/TopDownExampleMap.TopDownExampleMap:PersistentLevel.TopDownCharacter_C_2.CharacterMesh0 : Externally referenced 
[2016.03.01-17.07.13:996][  0]MapCheck:Warning: Warning SM_MatPreviewMesh_02 StaticMeshComponent /Game/TopDownBP/Maps/TopDownExampleMap.TopDownExampleMap:PersistentLevel.ClickableObject_C_0.SM_MatPreviewMesh_02 : Externally referenced 
[2016.03.01-17.07.13:996][  0]MapCheck:Warning: Warning SM_MatPreviewMesh_02 StaticMeshComponent /Game/TopDownBP/Maps/TopDownExampleMap.TopDownExampleMap:PersistentLevel.ClickableObject_C_1.SM_MatPreviewMesh_02 : Externally referenced 
[2016.03.01-17.07.13:996][  0]MapCheck:Warning: Warning PostProcessVolume_2 PostProcessVolume /Game/TopDownBP/Maps/TopDownExampleMap.TopDownExampleMap:PersistentLevel.PostProcessVolume_2 : Externally referenced 
[2016.03.01-17.07.13:997][  0]MapCheck:Warning: Warning StaticMeshComponent0 StaticMeshComponent /Game/TopDownBP/Maps/TopDownExampleMap.TopDownExampleMap:PersistentLevel.Floor.StaticMeshComponent0 : Externally referenced 
[2016.03.01-17.07.13:997][  0]MapCheck:Warning: Warning StaticMeshComponent0 StaticMeshComponent /Game/TopDownBP/Maps/TopDownExampleMap.TopDownExampleMap:PersistentLevel.Wall1.StaticMeshComponent0 : Externally referenced 
[2016.03.01-17.07.13:997][  0]MapCheck:Warning: Warning StaticMeshComponent0 StaticMeshComponent /Game/TopDownBP/Maps/TopDownExampleMap.TopDownExampleMap:PersistentLevel.Wall2_4.StaticMeshComponent0 : Externally referenced 
[2016.03.01-17.07.13:997][  0]MapCheck:Warning: Warning StaticMeshComponent0 StaticMeshComponent /Game/TopDownBP/Maps/TopDownExampleMap.TopDownExampleMap:PersistentLevel.Wall3.StaticMeshComponent0 : Externally referenced 
[2016.03.01-17.07.13:997][  0]MapCheck:Warning: Warning StaticMeshComponent0 StaticMeshComponent /Game/TopDownBP/Maps/TopDownExampleMap.TopDownExampleMap:PersistentLevel.Wall5.StaticMeshComponent0 : Externally referenced 
[2016.03.01-17.07.13:997][  0]MapCheck:Warning: Warning StaticMeshComponent0 StaticMeshComponent /Game/TopDownBP/Maps/TopDownExampleMap.TopDownExampleMap:PersistentLevel.Cube10.StaticMeshComponent0 : Externally referenced 
[2016.03.01-17.07.13:997][  0]MapCheck:Warning: Warning StaticMeshComponent0 StaticMeshComponent /Game/TopDownBP/Maps/TopDownExampleMap.TopDownExampleMap:PersistentLevel.Cube14.StaticMeshComponent0 : Externally referenced 
[2016.03.01-17.07.13:997][  0]MapCheck:Warning: Warning StaticMeshComponent0 StaticMeshComponent /Game/TopDownBP/Maps/TopDownExampleMap.TopDownExampleMap:PersistentLevel.Cube17_24.StaticMeshComponent0 : Externally referenced 
[2016.03.01-17.07.13:997][  0]MapCheck:Warning: Warning StaticMeshComponent0 StaticMeshComponent /Game/TopDownBP/Maps/TopDownExampleMap.TopDownExampleMap:PersistentLevel.Cube2.StaticMeshComponent0 : Externally referenced 
[2016.03.01-17.07.13:997][  0]MapCheck:Warning: Warning StaticMeshComponent0 StaticMeshComponent /Game/TopDownBP/Maps/TopDownExampleMap.TopDownExampleMap:PersistentLevel.Cube20.StaticMeshComponent0 : Externally referenced 
[2016.03.01-17.07.13:997][  0]MapCheck:Warning: Warning StaticMeshComponent0 StaticMeshComponent /Game/TopDownBP/Maps/TopDownExampleMap.TopDownExampleMap:PersistentLevel.Cube21.StaticMeshComponent0 : Externally referenced 
[2016.03.01-17.07.13:997][  0]MapCheck:Warning: Warning StaticMeshComponent0 StaticMeshComponent /Game/TopDownBP/Maps/TopDownExampleMap.TopDownExampleMap:PersistentLevel.Cube22.StaticMeshComponent0 : Externally referenced 
[2016.03.01-17.07.13:998][  0]MapCheck:Warning: Warning StaticMeshComponent0 StaticMeshComponent /Game/TopDownBP/Maps/TopDownExampleMap.TopDownExampleMap:PersistentLevel.Cube23.StaticMeshComponent0 : Externally referenced 
[2016.03.01-17.07.13:998][  0]MapCheck:Warning: Warning StaticMeshComponent0 StaticMeshComponent /Game/TopDownBP/Maps/TopDownExampleMap.TopDownExampleMap:PersistentLevel.Cube24.StaticMeshComponent0 : Externally referenced 
[2016.03.01-17.07.13:998][  0]MapCheck:Warning: Warning StaticMeshComponent0 StaticMeshComponent /Game/TopDownBP/Maps/TopDownExampleMap.TopDownExampleMap:PersistentLevel.Cube25.StaticMeshComponent0 : Externally referenced 
[2016.03.01-17.07.13:998][  0]MapCheck:Warning: Warning StaticMeshComponent0 StaticMeshComponent /Game/TopDownBP/Maps/TopDownExampleMap.TopDownExampleMap:PersistentLevel.Cube26.StaticMeshComponent0 : Externally referenced 
[2016.03.01-17.07.13:998][  0]MapCheck:Warning: Warning StaticMeshComponent0 StaticMeshComponent /Game/TopDownBP/Maps/TopDownExampleMap.TopDownExampleMap:PersistentLevel.Cube27.StaticMeshComponent0 : Externally referenced 
[2016.03.01-17.07.13:998][  0]MapCheck:Warning: Warning StaticMeshComponent0 StaticMeshComponent /Game/TopDownBP/Maps/TopDownExampleMap.TopDownExampleMap:PersistentLevel.Cube28.StaticMeshComponent0 : Externally referenced 
[2016.03.01-17.07.13:999][  0]MapCheck:Warning: Warning StaticMeshComponent0 StaticMeshComponent /Game/TopDownBP/Maps/TopDownExampleMap.TopDownExampleMap:PersistentLevel.Cube29.StaticMeshComponent0 : Externally referenced 
[2016.03.01-17.07.13:999][  0]MapCheck:Warning: Warning StaticMeshComponent0 StaticMeshComponent /Game/TopDownBP/Maps/TopDownExampleMap.TopDownExampleMap:PersistentLevel.Cube30.StaticMeshComponent0 : Externally referenced 
[2016.03.01-17.07.13:999][  0]MapCheck:Warning: Warning StaticMeshComponent0 StaticMeshComponent /Game/TopDownBP/Maps/TopDownExampleMap.TopDownExampleMap:PersistentLevel.Cube31.StaticMeshComponent0 : Externally referenced 
[2016.03.01-17.07.13:999][  0]MapCheck:Warning: Warning StaticMeshComponent0 StaticMeshComponent /Game/TopDownBP/Maps/TopDownExampleMap.TopDownExampleMap:PersistentLevel.Cube4.StaticMeshComponent0 : Externally referenced 
[2016.03.01-17.07.13:999][  0]MapCheck:Warning: Warning StaticMeshComponent0 StaticMeshComponent /Game/TopDownBP/Maps/TopDownExampleMap.TopDownExampleMap:PersistentLevel.Cube8.StaticMeshComponent0 : Externally referenced 
[2016.03.01-17.07.13:999][  0]MapCheck:Warning: Warning StaticMeshComponent0 StaticMeshComponent /Game/TopDownBP/Maps/TopDownExampleMap.TopDownExampleMap:PersistentLevel.Cube_4.StaticMeshComponent0 : Externally referenced 
[2016.03.01-17.07.13:999][  0]MapCheck: Info Map check complete: 0 Error(s), 33 Warning(s), took 300.47ms to complete.
[2016.03.01-17.07.14:013][  0]LogFileHelpers: Loading map 'TopDownExampleMap' took 7.657
[2016.03.01-17.07.14:321][  0]LogCollectionManager: Loaded 0 collections in 0.007608 seconds
[2016.03.01-17.07.14:519][  0]LogFileCache: Scanning file cache for directory '//scm-home/p4230578/Unreal Projects/PrototypeMechanics_25-2-16/Saved/Collections/' took 0.06s
[2016.03.01-17.07.14:519][  0]LogFileCache: Scanning file cache for directory '//scm-home/p4230578/Unreal Projects/PrototypeMechanics_25-2-16/Content/Developers/p4230578/Collections/' took 0.05s
[2016.03.01-17.07.14:519][  0]LogFileCache: Scanning file cache for directory '//scm-home/p4230578/Unreal Projects/PrototypeMechanics_25-2-16/Content/Collections/' took 0.01s
[2016.03.01-17.07.14:519][  0]LogCollectionManager: Rebuilt the GUID cache for 0 collections in 0.000003 seconds
[2016.03.01-17.07.14:532][  0]LogContentBrowser: Native class hierarchy populated in 0.0134 seconds. Added 1893 classes and 338 folders.
[2016.03.01-17.07.14:581][  0]LogContentBrowser: Native class hierarchy updated for 'WidgetCarousel' in 0.0025 seconds. Added 0 classes and 0 folders.
[2016.03.01-17.07.15:769][  0]LogContentBrowser: Native class hierarchy updated for 'AddContentDialog' in 0.0026 seconds. Added 0 classes and 0 folders.
[2016.03.01-17.07.15:777][  0]LogContentBrowser: Native class hierarchy updated for 'SceneOutliner' in 0.0023 seconds. Added 1 classes and 2 folders.
[2016.03.01-17.07.16:279][  0]LogCrashTracker: Crashtracker disabled due to settings.
[2016.03.01-17.07.16:302][  0]LogUObjectGlobals:Warning: Failed to find object 'Class None.'
[2016.03.01-17.07.16:345][  0]LogLoad: Full Startup: 45.38 seconds (BP compile: 0.35 seconds)
[2016.03.01-17.07.16:690][  0]LogOcInput: Can't find Oculus library dev build: is proper Runtime installed? Version: 0.8.0.0
[2016.03.01-17.07.16:818][  0]LogContentStreaming: Texture pool size now 400 MB
[2016.03.01-17.07.17:067][  0]LogRenderer: Reallocating scene render targets to support 1208x572 (Frame:2).
[2016.03.01-17.07.22:928][  5]LogAssetRegistry: Asset discovery search completed in 26.6365 seconds
[2016.03.01-17.07.22:928][  5]LogCollectionManager: Rebuilt the object cache for 0 collections in 0.000001 seconds (found 0 objects)
[2016.03.01-17.07.22:928][  5]LogCollectionManager: Fixed up redirectors for 0 collections in 0.000028 seconds (updated 0 objects)
[2016.03.01-17.07.27:585][ 13]LogLinker:Warning: Can't resolve asset name
[2016.03.01-17.07.27:900][ 13]LogLinker:Warning: Asset '../../../Engine/Content/ArtTools/RenderToTexture/Macros/RenderToTextureMacros.uasset' has been saved with empty engine version. The asset will be loaded but may be incompatible.
[2016.03.01-17.07.28:599][ 13]LogContentBrowser: Native class hierarchy updated for 'BlueprintGraph' in 0.0030 seconds. Added 107 classes and 0 folders.
[2016.03.01-18.24.50:538][335]LogActorComponent: UnregisterComponent: (/Engine/Transient.EditorFloorComp) Not registered. Aborting.
[2016.03.01-18.24.50:928][336]Cmd: QUIT_EDITOR
[2016.03.01-18.24.51:122][336]LogExit: Preparing to exit.
[2016.03.01-18.24.51:747][336]LogExit: Editor shut down
[2016.03.01-18.24.51:747][336]LogExit: Transaction tracking system shut down
[2016.03.01-18.24.51:750][336]LogParticles: Destroying 0 GPU particle simulations for FXSystem 0x0000000012675760
[2016.03.01-18.24.51:750][336]LogParticles: Destroying 0 GPU particle simulations for FXSystem 0x000000002995B920
[2016.03.01-18.24.51:751][336]LogParticles: Destroying 0 GPU particle simulations for FXSystem 0x00000000201B71A0
[2016.03.01-18.24.51:751][336]LogParticles: Destroying 0 GPU particle simulations for FXSystem 0x000000003BABA160
[2016.03.01-18.24.51:751][336]LogParticles: Destroying 0 GPU particle simulations for FXSystem 0x000000003CC398A0
[2016.03.01-18.24.51:755][336]LogParticles: Destroying 0 GPU particle simulations for FXSystem 0x0000000047F8C0E0
[2016.03.01-18.24.52:004][336]LogExit: Object subsystem successfully closed.
[2016.03.01-18.24.52:022][336]LogD3D11RHI: Shutdown
[2016.03.01-18.24.52:022][336]LogD3D11RHI: CleanupD3DDevice
[2016.03.01-18.24.52:103][336]LogD3D11RHI: ~FD3D11DynamicRHI
[2016.03.01-18.24.52:118][336]LogModuleManager: Shutting down and abandoning module BlueprintGraph (199)
[2016.03.01-18.24.52:118][336]LogModuleManager: Shutting down and abandoning module CrashTracker (198)
[2016.03.01-18.24.52:118][336]LogModuleManager: Shutting down and abandoning module SceneOutliner (197)
[2016.03.01-18.24.52:118][336]LogModuleManager: Shutting down and abandoning module SuperSearch (196)
[2016.03.01-18.24.52:118][336]LogModuleManager: Shutting down and abandoning module WidgetCarousel (195)
[2016.03.01-18.24.52:118][336]LogModuleManager: Shutting down and abandoning module AddContentDialog (194)
[2016.03.01-18.24.52:120][336]LogModuleManager: Shutting down and abandoning module EditorWidgets (193)
[2016.03.01-18.24.52:120][336]LogModuleManager: Shutting down and abandoning module CollectionManager (192)
[2016.03.01-18.24.52:124][336]LogModuleManager: Shutting down and abandoning module StatsViewer (191)
[2016.03.01-18.24.52:124][336]LogModuleManager: Shutting down and abandoning module FoliageEdit (190)
[2016.03.01-18.24.52:124][336]LogModuleManager: Shutting down and abandoning module LandscapeEditor (189)
[2016.03.01-18.24.52:125][336]LogModuleManager: Shutting down and abandoning module ActorPickerMode (188)
[2016.03.01-18.24.52:125][336]LogModuleManager: Shutting down and abandoning module GeometryMode (187)
[2016.03.01-18.24.52:125][336]LogModuleManager: Shutting down and abandoning module TextureAlignMode (186)
[2016.03.01-18.24.52:125][336]LogModuleManager: Shutting down and abandoning module BspMode (185)
[2016.03.01-18.24.52:125][336]LogModuleManager: Shutting down and abandoning module PlacementMode (184)
[2016.03.01-18.24.52:125][336]LogModuleManager: Shutting down and abandoning module AutomationWorker (183)
[2016.03.01-18.24.52:125][336]LogModuleManager: Shutting down and abandoning module CharacterAI (182)
[2016.03.01-18.24.52:125][336]LogModuleManager: Shutting down and abandoning module SmartSnapping (181)
[2016.03.01-18.24.52:125][336]LogModuleManager: Shutting down and abandoning module ViewportSnapping (180)
[2016.03.01-18.24.52:125][336]LogModuleManager: Shutting down and abandoning module LogVisualizer (179)
[2016.03.01-18.24.52:125][336]LogModuleManager: Shutting down and abandoning module GameProjectGeneration (178)
[2016.03.01-18.24.52:126][336]LogModuleManager: Shutting down and abandoning module IntroTutorials (177)
[2016.03.01-18.24.52:126][336]LogModuleManager: Shutting down and abandoning module EditorLiveStreaming (176)
[2016.03.01-18.24.52:126][336]LogModuleManager: Shutting down and abandoning module IOSPlatformEditor (175)
[2016.03.01-18.24.52:126][336]LogModuleManager: Shutting down and abandoning module HTML5PlatformEditor (174)
[2016.03.01-18.24.52:126][336]LogModuleManager: Shutting down and abandoning module AndroidDeviceDetection (173)
[2016.03.01-18.24.52:527][336]LogModuleManager: Shutting down and abandoning module AndroidPlatformEditor (172)
[2016.03.01-18.24.52:527][336]LogModuleManager: Shutting down and abandoning module IOSRuntimeSettings (171)
[2016.03.01-18.24.52:527][336]LogModuleManager: Shutting down and abandoning module AndroidRuntimeSettings (170)
[2016.03.01-18.24.52:527][336]LogModuleManager: Shutting down and abandoning module MergeActors (169)
[2016.03.01-18.24.52:527][336]LogModuleManager: Shutting down and abandoning module SizeMap (168)
[2016.03.01-18.24.52:527][336]LogModuleManager: Shutting down and abandoning module TreeMap (167)
[2016.03.01-18.24.52:527][336]LogModuleManager: Shutting down and abandoning module ReferenceViewer (166)
[2016.03.01-18.24.52:527][336]LogModuleManager: Shutting down and abandoning module LocalizationService (165)
[2016.03.01-18.24.52:527][336]LogModuleManager: Shutting down and abandoning module LocalizationDashboard (164)
[2016.03.01-18.24.52:527][336]LogModuleManager: Shutting down and abandoning module HardwareTargeting (163)
[2016.03.01-18.24.52:527][336]LogModuleManager: Shutting down and abandoning module DeviceProfileEditor (162)
[2016.03.01-18.24.52:527][336]LogModuleManager: Shutting down and abandoning module UndoHistory (161)
[2016.03.01-18.24.52:527][336]LogModuleManager: Shutting down and abandoning module GameplayTagsEditor (160)
[2016.03.01-18.24.52:527][336]LogModuleManager: Shutting down and abandoning module UserFeedback (159)
[2016.03.01-18.24.52:527][336]LogModuleManager: Shutting down and abandoning module XmlParser (158)
[2016.03.01-18.24.52:527][336]LogModuleManager: Shutting down and abandoning module Blutility (157)
[2016.03.01-18.24.52:527][336]LogModuleManager: Shutting down and abandoning module ProjectTargetPlatformEditor (156)
[2016.03.01-18.24.52:528][336]LogModuleManager: Shutting down and abandoning module ProjectSettingsViewer (155)
[2016.03.01-18.24.52:528][336]LogModuleManager: Shutting down and abandoning module InputBindingEditor (154)
[2016.03.01-18.24.52:528][336]LogModuleManager: Shutting down and abandoning module EditorSettingsViewer (153)
[2016.03.01-18.24.52:528][336]LogModuleManager: Shutting down and abandoning module SettingsEditor (152)
[2016.03.01-18.24.52:528][336]LogModuleManager: Shutting down and abandoning module ProjectLauncher (151)
[2016.03.01-18.24.52:529][336]LogModuleManager: Shutting down and abandoning module SessionFrontend (150)
[2016.03.01-18.24.52:529][336]LogModuleManager: Shutting down and abandoning module ProfilerClient (149)
[2016.03.01-18.24.52:529][336]LogModuleManager: Shutting down and abandoning module TargetDeviceServices (148)
[2016.03.01-18.24.52:529][336]LogModuleManager: Shutting down and abandoning module DeviceManager (147)
[2016.03.01-18.24.52:529][336]LogModuleManager: Shutting down and abandoning module AutomationController (146)
[2016.03.01-18.24.52:529][336]LogModuleManager: Shutting down and abandoning module AutomationWindow (145)
[2016.03.01-18.24.52:529][336]LogModuleManager: Shutting down and abandoning module Layers (144)
[2016.03.01-18.24.52:529][336]LogModuleManager: Shutting down and abandoning module ComponentVisualizers (143)
[2016.03.01-18.24.52:529][336]LogModuleManager: Shutting down and abandoning module DetailCustomizations (142)
[2016.03.01-18.24.52:529][336]LogModuleManager: Shutting down and abandoning module PackagesDialog (141)
[2016.03.01-18.24.52:529][336]LogModuleManager: Shutting down and abandoning module Persona (140)
[2016.03.01-18.24.52:529][336]LogModuleManager: Shutting down and abandoning module Kismet (139)
[2016.03.01-18.24.52:529][336]LogModuleManager: Shutting down and abandoning module GraphEditor (138)
[2016.03.01-18.24.52:529][336]LogModuleManager: Shutting down and abandoning module ClassViewer (137)
[2016.03.01-18.24.52:530][336]LogModuleManager: Shutting down and abandoning module Toolbox (136)
[2016.03.01-18.24.52:530][336]LogModuleManager: Shutting down and abandoning module ModuleUI (135)
[2016.03.01-18.24.52:530][336]LogModuleManager: Shutting down and abandoning module MovieSceneTools (134)
[2016.03.01-18.24.52:530][336]LogModuleManager: Shutting down and abandoning module OutputLog (133)
[2016.03.01-18.24.52:530][336]LogModuleManager: Shutting down and abandoning module GammaUI (132)
[2016.03.01-18.24.52:530][336]LogModuleManager: Shutting down and abandoning module Documentation (131)
[2016.03.01-18.24.52:530][336]LogModuleManager: Shutting down and abandoning module GameLiveStreaming (130)
[2016.03.01-18.24.52:530][336]LogModuleManager: Shutting down and abandoning module StreamingPauseRendering (129)
[2016.03.01-18.24.52:530][336]LogModuleManager: Shutting down and abandoning module AnalyticsET (128)
[2016.03.01-18.24.52:530][336]LogModuleManager: Shutting down and abandoning module Analytics (127)
[2016.03.01-18.24.52:530][336]LogModuleManager: Shutting down and abandoning module AITestSuite (126)
[2016.03.01-18.24.52:530][336]LogModuleManager: Shutting down and abandoning module GameplayDebugger (125)
[2016.03.01-18.24.52:530][336]LogModuleManager: Shutting down and abandoning module AIModule (124)
[2016.03.01-18.24.52:530][336]LogModuleManager: Shutting down and abandoning module ProfilerService (123)
[2016.03.01-18.24.52:731][336]LogModuleManager: Shutting down and abandoning module TaskGraph (122)
[2016.03.01-18.24.52:731][336]LogModuleManager: Shutting down and abandoning module SlateRemote (121)
[2016.03.01-18.24.52:731][336]LogModuleManager: Shutting down and abandoning module SteamVRController (120)
[2016.03.01-18.24.52:731][336]LogModuleManager: Shutting down and abandoning module SteamVR (119)
[2016.03.01-18.24.52:731][336]LogModuleManager: Shutting down and abandoning module ProceduralMeshComponent (118)
[2016.03.01-18.24.52:731][336]LogModuleManager: Shutting down and abandoning module OculusLibrary (117)
[2016.03.01-18.24.52:731][336]LogModuleManager: Shutting down and abandoning module OculusInput (116)
[2016.03.01-18.24.52:731][336]LogModuleManager: Shutting down and abandoning module LeapMotionController (115)
[2016.03.01-18.24.52:753][336]LogModuleManager: Shutting down and abandoning module CustomMeshComponent (114)
[2016.03.01-18.24.52:753][336]LogModuleManager: Shutting down and abandoning module CableComponent (113)
[2016.03.01-18.24.52:753][336]LogModuleManager: Shutting down and abandoning module ArchVisCharacter (112)
[2016.03.01-18.24.52:754][336]LogModuleManager: Shutting down and abandoning module MessagingDebugger (111)
[2016.03.01-18.24.52:754][336]LogModuleManager: Shutting down and abandoning module MediaPlayerEditor (110)
[2016.03.01-18.24.52:755][336]LogModuleManager: Shutting down and abandoning module HTML5Networking (109)
[2016.03.01-18.24.52:755][336]LogModuleManager: Shutting down and abandoning module SpeedTreeImporter (108)
[2016.03.01-18.24.52:755][336]LogModuleManager: Shutting down and abandoning module PluginBrowser (107)
[2016.03.01-18.24.52:755][336]LogModuleManager: Shutting down and abandoning module EpicSurvey (106)
[2016.03.01-18.24.52:755][336]LogModuleManager: Shutting down and abandoning module DesktopPlatform (105)
[2016.03.01-18.24.52:755][336]LogModuleManager: Shutting down and abandoning module VisualStudioSourceCodeAccess (104)
[2016.03.01-18.24.52:755][336]LogModuleManager: Shutting down and abandoning module UObjectPlugin (103)
[2016.03.01-18.24.52:755][336]LogModuleManager: Shutting down and abandoning module SubversionSourceControl (102)
[2016.03.01-18.24.52:755][336]LogModuleManager: Shutting down and abandoning module PerforceSourceControl (101)
[2016.03.01-18.24.52:755][336]LogModuleManager: Shutting down and abandoning module SourceControl (100)
[2016.03.01-18.24.52:755][336]LogModuleManager: Shutting down and abandoning module GitSourceControl (99)
[2016.03.01-18.24.52:755][336]LogModuleManager: Shutting down and abandoning module LightPropagationVolumeEditor (98)
[2016.03.01-18.24.52:755][336]LogModuleManager: Shutting down and abandoning module PaperTiledImporter (97)
[2016.03.01-18.24.52:755][336]LogModuleManager: Shutting down and abandoning module PaperSpriteSheetImporter (96)
[2016.03.01-18.24.52:755][336]LogModuleManager: Shutting down and abandoning module MeshPaint (95)
[2016.03.01-18.24.52:755][336]LogModuleManager: Shutting down and abandoning module SlateReflector (94)
[2016.03.01-18.24.52:755][336]LogModuleManager: Shutting down and abandoning module HotReload (93)
[2016.03.01-18.24.52:755][336]LogModuleManager: Shutting down and abandoning module MainFrame (92)
[2016.03.01-18.24.52:755][336]LogModuleManager: Shutting down and abandoning module LevelEditor (91)
[2016.03.01-18.24.52:756][336]LogModuleManager: Shutting down and abandoning module DirectoryWatcher (90)
[2016.03.01-18.24.52:759][336]LogModuleManager: Shutting down and abandoning module AssetRegistry (89)
[2016.03.01-18.24.56:054][336]LogModuleManager: Shutting down and abandoning module ContentBrowser (88)
[2016.03.01-18.24.56:055][336]LogModuleManager: Shutting down and abandoning module Paper2DEditor (87)
[2016.03.01-18.24.56:055][336]LogModuleManager: Shutting down and abandoning module UdpMessaging (86)
[2016.03.01-18.24.56:155][336]LogModuleManager: Shutting down and abandoning module LightPropagationVolumeRuntime (85)
[2016.03.01-18.24.56:155][336]LogModuleManager: Shutting down and abandoning module Paper2D (84)
[2016.03.01-18.24.56:155][336]LogModuleManager: Shutting down and abandoning module WindowsMoviePlayer (83)
[2016.03.01-18.24.56:160][336]LogModuleManager: Shutting down and abandoning module Media (82)
[2016.03.01-18.24.56:160][336]LogModuleManager: Shutting down and abandoning module WmfMedia (81)
[2016.03.01-18.24.56:160][336]LogModuleManager: Shutting down and abandoning module OnlineBlueprintSupport (80)
[2016.03.01-18.24.56:160][336]LogModuleManager: Shutting down and abandoning module GameplayTasksEditor (79)
[2016.03.01-18.24.56:160][336]LogModuleManager: Shutting down and abandoning module PropertyEditor (78)
[2016.03.01-18.24.56:160][336]LogModuleManager: Shutting down and abandoning module BehaviorTreeEditor (77)
[2016.03.01-18.24.56:161][336]LogModuleManager: Shutting down and abandoning module FunctionalTesting (76)
[2016.03.01-18.24.56:161][336]LogModuleManager: Shutting down and abandoning module CollisionAnalyzer (75)
[2016.03.01-18.24.56:161][336]LogModuleManager: Shutting down and abandoning module WorkspaceMenuStructure (74)
[2016.03.01-18.24.58:298][336]LogModuleManager: Shutting down and abandoning module MessageLog (73)
[2016.03.01-18.24.58:298][336]LogModuleManager: Shutting down and abandoning module Sequencer (72)
[2016.03.01-18.24.58:298][336]LogModuleManager: Shutting down and abandoning module AssetTools (71)
[2016.03.01-18.24.58:298][336]LogModuleManager: Shutting down and abandoning module UMGEditor (70)
[2016.03.01-18.24.58:298][336]LogModuleManager: Shutting down and abandoning module UMG (69)
[2016.03.01-18.24.58:298][336]LogModuleManager: Shutting down and abandoning module Slate (68)
[2016.03.01-18.24.58:298][336]LogModuleManager: Shutting down and abandoning module EditorStyle (67)
[2016.03.01-18.24.58:301][336]LogModuleManager: Shutting down and abandoning module SessionServices (66)
[2016.03.01-18.24.58:301][336]LogModuleManager: Shutting down and abandoning module SourceCodeAccess (65)
[2016.03.01-18.24.58:301][336]LogModuleManager: Shutting down and abandoning module HeadMountedDisplay (64)
[2016.03.01-18.24.58:301][336]LogModuleManager: Shutting down and abandoning module XAudio2 (63)
[2016.03.01-18.24.58:301][336]LogModuleManager: Shutting down and abandoning module Networking (61)
[2016.03.01-18.24.58:301][336]LogModuleManager: Shutting down and abandoning module Core (60)
[2016.03.01-18.24.58:301][336]LogModuleManager: Shutting down and abandoning module KismetCompiler (59)
[2016.03.01-18.24.58:301][336]LogModuleManager: Shutting down and abandoning module PhysXFormats (58)
[2016.03.01-18.24.58:301][336]LogModuleManager: Shutting down and abandoning module MeshUtilities (57)
[2016.03.01-18.24.58:301][336]LogModuleManager: Shutting down and abandoning module DerivedDataCache (56)
[2016.03.01-18.24.58:378][336]LogDerivedDataCache: Shutdown
[2016.03.01-18.24.58:378][336]LogModuleManager: Shutting down and abandoning module ShaderFormatOpenGL (55)
[2016.03.01-18.24.58:378][336]LogModuleManager: Shutting down and abandoning module ShaderFormatD3D (54)
[2016.03.01-18.24.58:378][336]LogModuleManager: Shutting down and abandoning module MetalShaderFormat (53)
[2016.03.01-18.24.58:378][336]LogModuleManager: Shutting down and abandoning module TextureFormatUncompressed (52)
[2016.03.01-18.24.58:378][336]LogModuleManager: Shutting down and abandoning module TextureFormatPVR (51)
[2016.03.01-18.24.58:378][336]LogModuleManager: Shutting down and abandoning module TextureFormatIntelISPCTexComp (50)
[2016.03.01-18.24.58:378][336]LogModuleManager: Shutting down and abandoning module TextureFormatDXT (49)
[2016.03.01-18.24.58:378][336]LogModuleManager: Shutting down and abandoning module ImageWrapper (48)
[2016.03.01-18.24.58:378][336]LogModuleManager: Shutting down and abandoning module TextureFormatASTC (47)
[2016.03.01-18.24.58:378][336]LogModuleManager: Shutting down and abandoning module TextureFormatAndroid (46)
[2016.03.01-18.24.58:378][336]LogModuleManager: Shutting down and abandoning module AudioFormatOpus (45)
[2016.03.01-18.24.58:378][336]LogModuleManager: Shutting down and abandoning module AudioFormatOgg (44)
[2016.03.01-18.24.58:379][336]LogModuleManager: Shutting down and abandoning module AudioFormatADPCM (43)
[2016.03.01-18.24.58:379][336]LogModuleManager: Shutting down and abandoning module LinuxTargetPlatform (42)
[2016.03.01-18.24.58:379][336]LogModuleManager: Shutting down and abandoning module LinuxServerTargetPlatform (41)
[2016.03.01-18.24.58:379][336]LogModuleManager: Shutting down and abandoning module LinuxNoEditorTargetPlatform (40)
[2016.03.01-18.24.58:379][336]LogModuleManager: Shutting down and abandoning module Messaging (39)
[2016.03.01-18.24.58:379][336]LogModuleManager: Shutting down and abandoning module IOSTargetPlatform (38)
[2016.03.01-18.24.58:379][336]LogModuleManager: Shutting down and abandoning module HTML5TargetPlatform (37)
[2016.03.01-18.24.58:379][336]LogModuleManager: Shutting down and abandoning module Android_PVRTCTargetPlatform (36)
[2016.03.01-18.24.58:379][336]LogModuleManager: Shutting down and abandoning module Android_MultiTargetPlatform (35)
[2016.03.01-18.24.58:380][336]LogModuleManager: Shutting down and abandoning module Android_ETC2TargetPlatform (34)
[2016.03.01-18.24.58:380][336]LogModuleManager: Shutting down and abandoning module Android_ETC1TargetPlatform (33)
[2016.03.01-18.24.58:380][336]LogModuleManager: Shutting down and abandoning module Android_DXTTargetPlatform (32)
[2016.03.01-18.24.58:380][336]LogModuleManager: Shutting down and abandoning module Android_ATCTargetPlatform (31)
[2016.03.01-18.24.58:380][336]LogModuleManager: Shutting down and abandoning module Android_ASTCTargetPlatform (30)
[2016.03.01-18.24.58:380][336]LogModuleManager: Shutting down and abandoning module AndroidTargetPlatform (29)
[2016.03.01-18.24.58:380][336]LogModuleManager: Shutting down and abandoning module WindowsTargetPlatform (28)
[2016.03.01-18.24.58:380][336]LogModuleManager: Shutting down and abandoning module WindowsServerTargetPlatform (27)
[2016.03.01-18.24.58:380][336]LogModuleManager: Shutting down and abandoning module WindowsNoEditorTargetPlatform (26)
[2016.03.01-18.24.58:380][336]LogModuleManager: Shutting down and abandoning module WindowsClientTargetPlatform (25)
[2016.03.01-18.24.58:380][336]LogModuleManager: Shutting down and abandoning module AllDesktopTargetPlatform (24)
[2016.03.01-18.24.58:380][336]LogModuleManager: Shutting down and abandoning module TargetPlatform (23)
[2016.03.01-18.24.58:380][336]LogModuleManager: Shutting down and abandoning module InputCore (22)
[2016.03.01-18.24.58:380][336]LogModuleManager: Shutting down and abandoning module Settings (21)
[2016.03.01-18.24.58:381][336]LogModuleManager: Shutting down and abandoning module OnlineSubsystem (19)
[2016.03.01-18.24.58:381][336]LogModuleManager: Shutting down and abandoning module HTTP (18)
[2016.03.01-18.25.00:381][336]LogModuleManager: Shutting down and abandoning module XMPP (17)
[2016.03.01-18.25.00:381][336]LogModuleManager: Shutting down and abandoning module OculusRift (16)
[2016.03.01-18.25.00:381][336]LogModuleManager: Shutting down and abandoning module ExampleDeviceProfileSelector (15)
[2016.03.01-18.25.00:381][336]LogModuleManager: Shutting down and abandoning module TextureCompressor (14)
[2016.03.01-18.25.00:381][336]LogModuleManager: Shutting down and abandoning module ShaderCore (13)
[2016.03.01-18.25.00:381][336]LogModuleManager: Shutting down and abandoning module Landscape (12)
[2016.03.01-18.25.00:381][336]LogModuleManager: Shutting down and abandoning module SlateRHIRenderer (11)
[2016.03.01-18.25.00:383][336]LogModuleManager: Shutting down and abandoning module OpenGLDrv (10)
[2016.03.01-18.25.00:383][336]LogModuleManager: Shutting down and abandoning module D3D11RHI (9)
[2016.03.01-18.25.00:383][336]LogModuleManager: Shutting down and abandoning module AnimGraphRuntime (8)
[2016.03.01-18.25.00:383][336]LogModuleManager: Shutting down and abandoning module Renderer (7)
[2016.03.01-18.25.00:383][336]LogModuleManager: Shutting down and abandoning module Engine (6)
[2016.03.01-18.25.00:383][336]LogModuleManager: Shutting down and abandoning module CoreUObject (5)
[2016.03.01-18.25.00:383][336]LogModuleManager: Shutting down and abandoning module NetworkFile (4)
[2016.03.01-18.25.00:383][336]LogModuleManager: Shutting down and abandoning module StreamingFile (3)
[2016.03.01-18.25.00:383][336]LogModuleManager: Shutting down and abandoning module SandboxFile (2)
[2016.03.01-18.25.00:383][336]LogModuleManager: Shutting down and abandoning module PakFile (1)
[2016.03.01-18.25.00:386][336]LogExit: Exiting.
[2016.03.01-18.25.00:388][336]Log file closed, 03/01/16 18:25:00
